<?xml version="1.0" encoding="UTF-8"?>
<!-- Generated by org.testng.reporters.JUnitXMLReporter -->
<testsuite hostname="iball-PC" ignored="0" name="TC_DB_01: Verify submit signed loan document with one signer/borrower." tests="1" failures="0" timestamp="23 Nov 2018 06:03:29 GMT" time="542.384" errors="0">
  <testcase name="SignedForOneSigner" time="516.59" classname="com.eSign.index.SignedForOneSigner_index"/>
</testsuite> <!-- TC_DB_01: Verify submit signed loan document with one signer/borrower. -->
