<?xml version="1.0" encoding="UTF-8"?>
<!-- Generated by org.testng.reporters.JUnitXMLReporter -->
<testsuite hostname="iball-PC" ignored="0" name="TC_DB_01: Verify submit signed loan document with one signer/borrower." tests="1" failures="0" timestamp="15 Nov 2018 09:44:49 GMT" time="0.091" errors="0">
  <testcase name="@BeforeTest fetchSuiteConfiguration" time="0.072" classname="com.eSign.init.SeleniumInit">
    <failure type="java.lang.NoClassDefFoundError" message="org/w3c/dom/ElementTraversal">
      <![CDATA[java.lang.NoClassDefFoundError: org/w3c/dom/ElementTraversalat java.lang.ClassLoader.defineClass1(Native Method)at java.lang.ClassLoader.defineClass(ClassLoader.java:760)at java.security.SecureClassLoader.defineClass(SecureClassLoader.java:142)at java.net.URLClassLoader.defineClass(URLClassLoader.java:442)at java.net.URLClassLoader.access$100(URLClassLoader.java:64)at java.net.URLClassLoader$1.run(URLClassLoader.java:354)at java.net.URLClassLoader$1.run(URLClassLoader.java:348)at java.security.AccessController.doPrivileged(Native Method)at java.net.URLClassLoader.findClass(URLClassLoader.java:347)at java.lang.ClassLoader.loadClass(ClassLoader.java:424)at sun.misc.Launcher$AppClassLoader.loadClass(Launcher.java:308)at java.lang.ClassLoader.loadClass(ClassLoader.java:357)at org.apache.xerces.parsers.AbstractDOMParser.startDocument(Unknown Source)at org.apache.xerces.impl.dtd.XMLDTDValidator.startDocument(Unknown Source)at org.apache.xerces.impl.XMLDocumentScannerImpl.startEntity(Unknown Source)at org.apache.xerces.impl.XMLVersionDetector.startDocumentParsing(Unknown Source)at org.apache.xerces.parsers.XML11Configuration.parse(Unknown Source)at org.apache.xerces.parsers.XML11Configuration.parse(Unknown Source)at org.apache.xerces.parsers.XMLParser.parse(Unknown Source)at org.apache.xerces.parsers.DOMParser.parse(Unknown Source)at org.apache.xerces.jaxp.DocumentBuilderImpl.parse(Unknown Source)at javax.xml.parsers.DocumentBuilder.parse(DocumentBuilder.java:121)at org.apache.poi.util.DocumentHelper.readDocument(DocumentHelper.java:137)at org.apache.poi.openxml4j.opc.internal.ContentTypeManager.parseContentTypesFile(ContentTypeManager.java:377)at org.apache.poi.openxml4j.opc.internal.ContentTypeManager.<init>(ContentTypeManager.java:103)at org.apache.poi.openxml4j.opc.internal.ZipContentTypeManager.<init>(ZipContentTypeManager.java:54)at org.apache.poi.openxml4j.opc.ZipPackage.getPartsImpl(ZipPackage.java:206)at org.apache.poi.openxml4j.opc.OPCPackage.getParts(OPCPackage.java:726)at org.apache.poi.openxml4j.opc.OPCPackage.open(OPCPackage.java:294)at org.apache.poi.util.PackageHelper.open(PackageHelper.java:37)at org.apache.poi.xssf.usermodel.XSSFWorkbook.<init>(XSSFWorkbook.java:275)at com.utility.TestData.getExcelSheet(TestData.java:31)at com.utility.TestData.getURL(TestData.java:70)at com.eSign.init.SeleniumInit.fetchSuiteConfiguration(SeleniumInit.java:59)Caused by: java.lang.ClassNotFoundException: org.w3c.dom.ElementTraversalat java.net.URLClassLoader$1.run(URLClassLoader.java:359)at java.net.URLClassLoader$1.run(URLClassLoader.java:348)at java.security.AccessController.doPrivileged(Native Method)at java.net.URLClassLoader.findClass(URLClassLoader.java:347)at java.lang.ClassLoader.loadClass(ClassLoader.java:424)at sun.misc.Launcher$AppClassLoader.loadClass(Launcher.java:308)at java.lang.ClassLoader.loadClass(ClassLoader.java:357)... 61 more... Removed 27 stack frames]]>
    </failure>
  </testcase> <!-- @BeforeTest fetchSuiteConfiguration -->
  <testcase name="@BeforeMethod setUp" time="0.001" classname="com.eSign.init.SeleniumInit">
    <failure type="java.net.MalformedURLException" message="For input string: &amp;quot;null&amp;quot;">
      <![CDATA[java.net.MalformedURLException: For input string: "null"at java.net.URL.<init>(URL.java:620)at java.net.URL.<init>(URL.java:483)at java.net.URL.<init>(URL.java:432)at com.eSign.init.SeleniumInit.setUp(SeleniumInit.java:91)Caused by: java.lang.NumberFormatException: For input string: "null"at java.lang.NumberFormatException.forInputString(NumberFormatException.java:65)at java.lang.Integer.parseInt(Integer.java:580)at java.lang.Integer.parseInt(Integer.java:615)at java.net.URLStreamHandler.parseURL(URLStreamHandler.java:216)at java.net.URL.<init>(URL.java:615)... 34 more... Removed 31 stack frames]]>
    </failure>
  </testcase> <!-- @BeforeMethod setUp -->
  <testcase name="SignedForOneSigner" time="0.0" classname="com.eSign.index.SignedForOneSigner_index">
    <skipped/>
  </testcase> <!-- SignedForOneSigner -->
</testsuite> <!-- TC_DB_01: Verify submit signed loan document with one signer/borrower. -->
